<?xml version="1.0" encoding="UTF-8"?>
<!-- Generated by org.testng.reporters.JUnitReportReporter -->
<testsuite hostname="ea546576b62157b" failures="0" tests="3" name="com.qa.testscript.TC_FlipKart_001" time="9.907" errors="0" timestamp="2023-10-06T05:26:34 IST" skipped="0">
  <testcase classname="com.qa.testscript.TC_FlipKart_001" name="checkPopUpCloseButton" time="0.353"/>
  <system-out/>
  <testcase classname="com.qa.testscript.TC_FlipKart_001" name="checkPosition" time="0.079"/>
  <system-out/>
  <testcase classname="com.qa.testscript.TC_FlipKart_001" name="checkSearch" time="9.475"/>
  <system-out/>
</testsuite> <!-- com.qa.testscript.TC_FlipKart_001 -->
